<?xml version="1.0" encoding="UTF-8"?>
<testsuite name="com.pokerhands.handler.RefereeTest" tests="1" skipped="0" failures="0" errors="0" timestamp="2019-08-11T13:11:26" hostname="ZHA-ITA028-W10" time="0.011">
  <properties/>
  <testcase name="should_return_playerB_when_call_getBestPlayer_then_give_2C3H4C5H7C_3D4S4D5S5D" classname="com.pokerhands.handler.RefereeTest" time="0.011"/>
  <system-out><![CDATA[]]></system-out>
  <system-err><![CDATA[]]></system-err>
</testsuite>
