<?xml version="1.0" encoding="UTF-8"?>
<testsuite name="com.pokerhands.handler.RefereeTest" tests="1" skipped="0" failures="0" errors="0" timestamp="2019-08-11T13:24:39" hostname="ZHA-ITA028-W10" time="0.01">
  <properties/>
  <testcase name="should_return_playerA_when_call_getBestPlayer_then_give_2C3C4C5C9C_3D4S5D6S7D" classname="com.pokerhands.handler.RefereeTest" time="0.01"/>
  <system-out><![CDATA[]]></system-out>
  <system-err><![CDATA[]]></system-err>
</testsuite>
