<?xml version="1.0" encoding="UTF-8"?>
<testsuite name="com.pokerhands.handler.RefereeTest" tests="23" skipped="0" failures="0" errors="0" timestamp="2019-08-11T13:41:25" hostname="ZHA-ITA028-W10" time="0.034">
  <properties/>
  <testcase name="should_return_playerA_when_call_getBestPlayer_then_give_2C3H4C5H6C_3D4S5D5S5D" classname="com.pokerhands.handler.RefereeTest" time="0.011"/>
  <testcase name="should_return_playerB_when_call_getBestPlayer_then_give_2C4H4C5H5C_3D4S4D5S5D" classname="com.pokerhands.handler.RefereeTest" time="0.001"/>
  <testcase name="should_return_playEven_when_call_getBestPlayer_then_give_3H_3D" classname="com.pokerhands.handler.RefereeTest" time="0.001"/>
  <testcase name="should_return_playerB_when_call_getBestPlayer_then_give_2C3H4C5H7C_3D4S4D5S5D" classname="com.pokerhands.handler.RefereeTest" time="0.001"/>
  <testcase name="should_return_playerB_when_call_getBestPlayer_then_give_2C3H4C5H6C_3D4S5D6S7D" classname="com.pokerhands.handler.RefereeTest" time="0.001"/>
  <testcase name="should_return_playerB_when_call_getBestPlayer_then_give_2C3H3C4H4C_2D3S3D5S5D" classname="com.pokerhands.handler.RefereeTest" time="0.001"/>
  <testcase name="should_return_playerB_when_call_getBestPlayer_then_give_2C2D3H3S3D_4D4C5D5C5H" classname="com.pokerhands.handler.RefereeTest" time="0.001"/>
  <testcase name="should_return_playerB_when_call_getBestPlayer_then_give_2C3C4C5C6C_4D5S5D5C5H" classname="com.pokerhands.handler.RefereeTest" time="0.001"/>
  <testcase name="should_return_playerB_when_call_getBestPlayer_then_give_2C3S3H3S3D_4D5S5D5C5H" classname="com.pokerhands.handler.RefereeTest" time="0.001"/>
  <testcase name="should_return_playerB_when_call_getBestPlayer_then_give_2C3H4C7H8C_2D3S4D7S7D" classname="com.pokerhands.handler.RefereeTest" time="0.0"/>
  <testcase name="should_return_playerB_when_call_getBestPlayer_then_give_2C3H4C7H8C_2D3S4D8S9D" classname="com.pokerhands.handler.RefereeTest" time="0.001"/>
  <testcase name="should_return_playerB_when_call_getBestPlayer_then_give_2C3H4C7H7C_2D3S5D7S7D" classname="com.pokerhands.handler.RefereeTest" time="0.001"/>
  <testcase name="should_return_playerA_when_call_getBestPlayer_then_give_2C3S3H3S3D_4D4C5D5C5H" classname="com.pokerhands.handler.RefereeTest" time="0.001"/>
  <testcase name="should_return_playerB_when_call_getBestPlayer_then_give_2H_3D" classname="com.pokerhands.handler.RefereeTest" time="0.0"/>
  <testcase name="should_return_playerA_when_call_getBestPlayer_then_give_2C3C4C5C9C_3D4S5D6S7D" classname="com.pokerhands.handler.RefereeTest" time="0.001"/>
  <testcase name="should_return_playEven_when_call_getBestPlayer_then_give_3C3H_3D3S" classname="com.pokerhands.handler.RefereeTest" time="0.001"/>
  <testcase name="should_return_playerB_when_call_getBestPlayer_then_give_2C3C4C5C9C_3D4D5D6D9D" classname="com.pokerhands.handler.RefereeTest" time="0.001"/>
  <testcase name="should_return_playEven_when_call_getBestPlayer_then_give_2C3H4C7H8C_2D3S4D7S8D" classname="com.pokerhands.handler.RefereeTest" time="0.002"/>
  <testcase name="should_return_playerA_when_call_getBestPlayer_then_give_2C2D3H3S3D_4D5D6D7D9D" classname="com.pokerhands.handler.RefereeTest" time="0.0"/>
  <testcase name="should_return_playerB_when_call_getBestPlayer_then_give_2H3H_3D3S" classname="com.pokerhands.handler.RefereeTest" time="0.001"/>
  <testcase name="should_return_playEven_when_call_getBestPlayer_then_give_2C3H4C7H7C_2D3S4D7S7D" classname="com.pokerhands.handler.RefereeTest" time="0.0"/>
  <testcase name="should_return_playerB_when_call_getBestPlayer_then_give_2C3H3C5H5C_3D4S5D5S5D" classname="com.pokerhands.handler.RefereeTest" time="0.0"/>
  <testcase name="should_return_playerB_when_call_getBestPlayer_then_give_2C4H4C5H6C_3D4S4D5S5D" classname="com.pokerhands.handler.RefereeTest" time="0.001"/>
  <system-out><![CDATA[]]></system-out>
  <system-err><![CDATA[]]></system-err>
</testsuite>
